{
  "RSpec": {
    "coverage": {
      "/home/willandre/tic-tac-toe-rb-online-web-sp-000/lib/tic_tac_toe.rb": [
        1,
        22,
        22,
        22,
        22,
        22,
        null,
        null,
        1,
        12,
        14,
        null,
        12,
        6,
        6,
        6,
        3,
        null,
        null,
        null,
        1,
        22,
        null,
        null,
        1,
        2,
        2,
        18,
        5,
        null,
        null,
        2,
        null,
        null,
        1,
        1,
        null,
        null,
        1,
        21,
        17,
        null,
        null,
        null,
        1,
        17,
        17,
        17,
        17,
        16,
        1,
        1,
        null,
        17,
        null,
        null,
        1,
        20,
        null,
        null,
        1,
        20,
        null,
        null,
        null,
        null,
        1,
        null,
        null,
        null,
        null,
        null,
        null,
        null,
        null,
        null,
        1,
        62,
        281,
        281,
        281,
        null,
        281,
        281,
        281,
        null,
        281,
        38,
        null,
        null,
        null,
        null,
        1,
        20,
        103,
        null,
        null,
        null,
        1,
        19,
        7,
        null,
        null,
        null,
        1,
        18,
        6,
        12,
        4,
        null,
        8,
        null,
        null,
        null,
        1,
        14,
        13,
        null,
        null
      ]
    },
    "timestamp": 1606867623
  }
}
