{
  "RSpec": {
    "coverage": {
      "/home/willandre/tic-tac-toe-rb-online-web-sp-000/lib/tic_tac_toe.rb": [
        1,
        5,
        5,
        5,
        5,
        5,
        null,
        null,
        1,
        4,
        3,
        1,
        1,
        null,
        null,
        null,
        1,
        12,
        7,
        null,
        5,
        3,
        3,
        2,
        2,
        null,
        null,
        null,
        1,
        15,
        null,
        null,
        1,
        6,
        6,
        54,
        7,
        null,
        null,
        6,
        null,
        null,
        1,
        14,
        10,
        null,
        null,
        null,
        1,
        10,
        10,
        10,
        10,
        9,
        1,
        1,
        null,
        0,
        null,
        null,
        1,
        13,
        null,
        null,
        1,
        3,
        null,
        null,
        null,
        null,
        1,
        null,
        null,
        null,
        null,
        null,
        null,
        null,
        null,
        null,
        1,
        43,
        206,
        206,
        206,
        null,
        206,
        206,
        206,
        null,
        206,
        27,
        null,
        null,
        null,
        null,
        1,
        14,
        89,
        null,
        null,
        null,
        1,
        13,
        7,
        null,
        null,
        null,
        1,
        11,
        4,
        7,
        3,
        null,
        4,
        null,
        null,
        null,
        1,
        10,
        9,
        null,
        null
      ]
    },
    "timestamp": 1606869465
  }
}
